2026-03-27T09:35:18.377458Z	Cloning repository...
2026-03-27T09:35:19.424226Z	From https://github.com/davinaleong/gracesoft-website
2026-03-27T09:35:19.42454Z	 * branch            37ba802f9cc8c270b9ed3a85738a3458bb346d09 -> FETCH_HEAD
2026-03-27T09:35:19.424636Z	
2026-03-27T09:35:19.446638Z	HEAD is now at 37ba802 Fixing errors and bugs.
2026-03-27T09:35:19.446891Z	
2026-03-27T09:35:19.484538Z	
2026-03-27T09:35:19.484835Z	Using v2 root directory strategy
2026-03-27T09:35:19.501094Z	Success: Finished cloning repository files
2026-03-27T09:35:22.068812Z	Checking for configuration in a Wrangler configuration file (BETA)
2026-03-27T09:35:22.069345Z	
2026-03-27T09:35:23.161764Z	No Wrangler configuration file found. Continuing.
2026-03-27T09:35:23.533355Z	Detected the following tools from environment: npm@10.9.2, nodejs@22.16.0
2026-03-27T09:35:23.533737Z	Installing project dependencies: npm clean-install --progress=false
2026-03-27T09:35:24.86935Z	npm warn EBADENGINE Unsupported engine {
2026-03-27T09:35:24.869652Z	npm warn EBADENGINE   package: 'gracesoft-website@0.0.1',
2026-03-27T09:35:24.869732Z	npm warn EBADENGINE   required: { node: '20.x' },
2026-03-27T09:35:24.869787Z	npm warn EBADENGINE   current: { node: 'v22.16.0', npm: '10.9.2' }
2026-03-27T09:35:24.869833Z	npm warn EBADENGINE }
2026-03-27T09:35:29.140428Z	
2026-03-27T09:35:29.140685Z	added 283 packages, and audited 284 packages in 5s
2026-03-27T09:35:29.140778Z	
2026-03-27T09:35:29.140842Z	143 packages are looking for funding
2026-03-27T09:35:29.140899Z	  run `npm fund` for details
2026-03-27T09:35:29.141193Z	
2026-03-27T09:35:29.141311Z	found 0 vulnerabilities
2026-03-27T09:35:29.201863Z	Executing user command: npm run build
2026-03-27T09:35:29.413031Z	
2026-03-27T09:35:29.413376Z	> gracesoft-website@0.0.1 build
2026-03-27T09:35:29.413457Z	> astro build
2026-03-27T09:35:29.413511Z	
2026-03-27T09:35:30.999641Z	[2m09:35:30[22m [34m[types][39m Generated [2m124ms[22m
2026-03-27T09:35:31.000336Z	[2m09:35:30[22m [34m[build][39m output: [34m"static"[39m
2026-03-27T09:35:31.000421Z	[2m09:35:30[22m [34m[build][39m mode: [34m"static"[39m
2026-03-27T09:35:31.000462Z	[2m09:35:30[22m [34m[build][39m directory: [34m/opt/buildhome/repo/dist/[39m
2026-03-27T09:35:31.0005Z	[2m09:35:30[22m [34m[build][39m Collecting build info...
2026-03-27T09:35:31.000538Z	[2m09:35:31[22m [34m[build][39m [32m✓ Completed in 147ms.[39m
2026-03-27T09:35:31.001821Z	[2m09:35:31[22m [34m[build][39m Building static entrypoints...
2026-03-27T09:35:33.876868Z	[33m[1m09:35:33[22m [WARN] [vite][39m [33m"matchHostname", "matchPathname", "matchPort" and "matchProtocol" are imported from external module "@astrojs/internal-helpers/remote" but never used in "node_modules/astro/dist/assets/utils/index.js".[39m
2026-03-27T09:35:33.993758Z	[2m09:35:33[22m [34m[vite][39m [32m✓ built in 2.92s[39m
2026-03-27T09:35:34.005148Z	[2m09:35:34[22m [34m[vite][39m [32m✓ built in 8ms[39m
2026-03-27T09:35:34.011836Z	[2m09:35:34[22m [34m[build][39m Rearranging server assets...
2026-03-27T09:35:34.03442Z	
2026-03-27T09:35:34.034744Z	[42m[30m generating static routes [39m[49m
2026-03-27T09:35:34.057358Z	[2m09:35:34[22m   [34m├─[39m [2m/about/index.html[22m [2m(+22ms)[22m 
2026-03-27T09:35:34.058961Z	[2m09:35:34[22m   [34m├─[39m [2m/api/contact[22mContact API route loaded.
2026-03-27T09:35:34.060093Z	[33m[1m09:35:34[22m [WARN] [router][39m No API Route handler exists for the method "GET" for the route "/api/contact".
2026-03-27T09:35:34.060259Z	Found handlers: "onRequest", "onRequestOptions", "onRequestPost"
2026-03-27T09:35:34.060337Z	
2026-03-27T09:35:34.063216Z	 [2m(+6ms)[22m 
2026-03-27T09:35:34.069238Z	[2m09:35:34[22m   [34m├─[39m [2m/approach/index.html[22m [2m(+6ms)[22m 
2026-03-27T09:35:34.078603Z	[2m09:35:34[22m   [34m├─[39m [2m/contact/index.html[22m [2m(+9ms)[22m 
2026-03-27T09:35:34.085963Z	[2m09:35:34[22m   [34m├─[39m [2m/privacy/index.html[22m [2m(+7ms)[22m 
2026-03-27T09:35:34.093975Z	[2m09:35:34[22m   [34m├─[39m [2m/services/index.html[22m [2m(+8ms)[22m 
2026-03-27T09:35:34.100183Z	[2m09:35:34[22m   [34m├─[39m [2m/index.html[22m [2m(+6ms)[22m 
2026-03-27T09:35:34.100321Z	[2m09:35:34[22m [32m✓ Completed in 87ms.
2026-03-27T09:35:34.100394Z	[39m
2026-03-27T09:35:34.104313Z	[2m09:35:34[22m [34m[build][39m [32m✓ Completed in 3.10s.[39m
2026-03-27T09:35:34.105088Z	[2m09:35:34[22m [34m[build][39m 6 page(s) built in [1m3.25s[22m
2026-03-27T09:35:34.105233Z	[2m09:35:34[22m [34m[build][39m [1mComplete![22m
2026-03-27T09:35:34.168028Z	Finished
2026-03-27T09:35:34.850442Z	Checking for configuration in a Wrangler configuration file (BETA)
2026-03-27T09:35:34.850858Z	
2026-03-27T09:35:35.952661Z	No Wrangler configuration file found. Continuing.
2026-03-27T09:35:35.953521Z	Found Functions directory at /functions. Uploading.
2026-03-27T09:35:35.958805Z	 ⛅️ wrangler 3.101.0
2026-03-27T09:35:35.958974Z	-------------------
2026-03-27T09:35:36.732161Z	✨ Compiled Worker successfully
2026-03-27T09:35:37.777083Z	Validating asset output directory
2026-03-27T09:35:40.300383Z	Deploying your site to Cloudflare's global network...
2026-03-27T09:35:45.437694Z	Uploading... (13/19)
2026-03-27T09:35:46.834772Z	Uploading... (15/19)
2026-03-27T09:35:46.950682Z	Uploading... (17/19)
2026-03-27T09:35:47.001888Z	Uploading... (19/19)
2026-03-27T09:35:47.002198Z	✨ Success! Uploaded 6 files (13 already uploaded) (1.84 sec)
2026-03-27T09:35:47.002317Z	
2026-03-27T09:35:47.384656Z	✨ Upload complete!
2026-03-27T09:35:51.002023Z	Success: Assets published!
2026-03-27T09:35:52.759449Z	Success: Your site was deployed!